Terminaux inutilisés dans la grammaire

    FINCASE


État 28 conflits: 2 réduction/réduction
État 35 conflits: 3 décalage/réduction
État 104 conflits: 1 réduction/réduction


Grammaire

    0 $accept: Program $end

    1 Program: program_body

    2 program_body: stat
    3             | stat program_body

    4 stat: bloc
    5     | blocSi
    6     | blocWhile
    7     | blocFor
    8     | blocDoWhile
    9     | blocSwitch

   10 bloc: instr SEMI
   11     | instr SEMI bloc

   12 instr: VARIABLE ANOAN E
   13      | ABAH VARIABLE
   14      | LAN VARIABLE
   15      | VARIABLE ANOAN cond

   16 blocSwitch: SWITCH exp debutSwitch listeCase ENDSWITCH

   17 debutSwitch: ε

   18 listeCase: CASE INTEGER DOUBLEMARK stat_list case_break listeCase
   19          | CASE INTEGER DOUBLEMARK stat_list case_break
   20          | ε

   21 case_break: BREAK
   22           | ε

   23 stat_list: stat
   24          | stat stat_list

   25 exp: E
   26    | VARIABLE

   27 $@1: ε

   28 blocFor: ASU VARIABLE ANOAN E YA E ITIE E BO $@1 blocIntFor AMANASU

   29 blocIntFor: bloc
   30           | blocSi
   31           | blocWhile
   32           | blocFor
   33           | blocFor bloc
   34           | blocSi blocIntFor
   35           | bloc blocIntFor

   36 $@2: ε

   37 blocDoWhile: BO $@2 blocIntDoWhile NTIETE exp_bool ENDWHILE

   38 blocIntDoWhile: bloc
   39               | blocSi
   40               | blocFor
   41               | blocWhile
   42               | blocDoWhile

   43 blocWhile: NTIETE etiquetWhile exp_bool LOOP blocIntWhile ENDWHILE

   44 blocIntWhile: bloc
   45             | blocSi
   46             | blocSi blocIntWhile
   47             | bloc blocIntWhile

   48 etiquetWhile: ε

   49 LOOP: BO

   50 exp_bool: cond

   51 ENDWHILE: AMAN

   52 blocSi: NGE cond alo bloc finSi
   53       | NGE cond alo bloc sino bloc finSi

   54 finSi: AMANNGE

   55 alo: NDO

   56 sino: NDEYA

   57 cond: LPAREN F DZAM_DEUH F RPAREN
   58     | LPAREN F ASSEULEN F RPAREN
   59     | LPAREN F ABOITE F RPAREN
   60     | LPAREN F ABUI F RPAREN

   61 E: T
   62  | E AKOK_LO T
   63  | E AVAH T

   64 T: F
   65  | T A_POULI F

   66 F: INTEGER
   67  | VARIABLE


Terminaux, suivis des règles où ils apparaissent

    $end (0) 0
    error (256)
    INTEGER (258) 18 19 66
    ABAH (259) 13
    VARIABLE (260) 12 13 14 15 26 28 67
    NGE (261) 52 53
    NDO (262) 55
    NDEYA (263) 56
    AMANNGE (264) 54
    LAN (265) 14
    NTIETE (266) 37 43
    AMAN (267) 51
    BO (268) 28 37 49
    ASU (269) 28
    DOUBLEMARK (270) 18 19
    YA (271) 28
    ITIE (272) 28
    AMANASU (273) 28
    AKOK_LO (274) 62
    A_POULI (275) 65
    ANOAN (276) 12 15 28
    SEMI (277) 10 11
    DZAM_DEUH (278) 57
    ASSEULEN (279) 58
    ABOITE (280) 59
    ABUI (281) 60
    LPAREN (282) 57 58 59 60
    RPAREN (283) 57 58 59 60
    SWITCH (284) 16
    BREAK (285) 21
    ENDSWITCH (286) 16
    CASE (287) 18 19
    FINCASE (288)
    AVAH (289) 63


Non-terminaux, suivis des règles où ils apparaissent

    $accept (35)
        à gauche: 0
    Program (36)
        à gauche: 1
        à droite: 0
    program_body (37)
        à gauche: 2 3
        à droite: 1 3
    stat (38)
        à gauche: 4 5 6 7 8 9
        à droite: 2 3 23 24
    bloc (39)
        à gauche: 10 11
        à droite: 4 11 29 33 35 38 44 47 52 53
    instr (40)
        à gauche: 12 13 14 15
        à droite: 10 11
    blocSwitch (41)
        à gauche: 16
        à droite: 9
    debutSwitch (42)
        à gauche: 17
        à droite: 16
    listeCase (43)
        à gauche: 18 19 20
        à droite: 16 18
    case_break (44)
        à gauche: 21 22
        à droite: 18 19
    stat_list (45)
        à gauche: 23 24
        à droite: 18 19 24
    exp (46)
        à gauche: 25 26
        à droite: 16
    blocFor (47)
        à gauche: 28
        à droite: 7 32 33 40
    $@1 (48)
        à gauche: 27
        à droite: 28
    blocIntFor (49)
        à gauche: 29 30 31 32 33 34 35
        à droite: 28 34 35
    blocDoWhile (50)
        à gauche: 37
        à droite: 8 42
    $@2 (51)
        à gauche: 36
        à droite: 37
    blocIntDoWhile (52)
        à gauche: 38 39 40 41 42
        à droite: 37
    blocWhile (53)
        à gauche: 43
        à droite: 6 31 41
    blocIntWhile (54)
        à gauche: 44 45 46 47
        à droite: 43 46 47
    etiquetWhile (55)
        à gauche: 48
        à droite: 43
    LOOP (56)
        à gauche: 49
        à droite: 43
    exp_bool (57)
        à gauche: 50
        à droite: 37 43
    ENDWHILE (58)
        à gauche: 51
        à droite: 37 43
    blocSi (59)
        à gauche: 52 53
        à droite: 5 30 34 39 45 46
    finSi (60)
        à gauche: 54
        à droite: 52 53
    alo (61)
        à gauche: 55
        à droite: 52 53
    sino (62)
        à gauche: 56
        à droite: 53
    cond (63)
        à gauche: 57 58 59 60
        à droite: 15 50 52 53
    E (64)
        à gauche: 61 62 63
        à droite: 12 25 28 62 63
    T (65)
        à gauche: 64 65
        à droite: 61 62 63 65
    F (66)
        à gauche: 66 67
        à droite: 57 58 59 60 64 65


État 0

    0 $accept: • Program $end

    ABAH      décalage et aller à l'état 1
    VARIABLE  décalage et aller à l'état 2
    NGE       décalage et aller à l'état 3
    LAN       décalage et aller à l'état 4
    NTIETE    décalage et aller à l'état 5
    BO        décalage et aller à l'état 6
    ASU       décalage et aller à l'état 7
    SWITCH    décalage et aller à l'état 8

    Program       aller à l'état 9
    program_body  aller à l'état 10
    stat          aller à l'état 11
    bloc          aller à l'état 12
    instr         aller à l'état 13
    blocSwitch    aller à l'état 14
    blocFor       aller à l'état 15
    blocDoWhile   aller à l'état 16
    blocWhile     aller à l'état 17
    blocSi        aller à l'état 18


État 1

   13 instr: ABAH • VARIABLE

    VARIABLE  décalage et aller à l'état 19


État 2

   12 instr: VARIABLE • ANOAN E
   15      | VARIABLE • ANOAN cond

    ANOAN  décalage et aller à l'état 20


État 3

   52 blocSi: NGE • cond alo bloc finSi
   53       | NGE • cond alo bloc sino bloc finSi

    LPAREN  décalage et aller à l'état 21

    cond  aller à l'état 22


État 4

   14 instr: LAN • VARIABLE

    VARIABLE  décalage et aller à l'état 23


État 5

   43 blocWhile: NTIETE • etiquetWhile exp_bool LOOP blocIntWhile ENDWHILE

    $défaut  réduction par utilisation de la règle 48 (etiquetWhile)

    etiquetWhile  aller à l'état 24


État 6

   37 blocDoWhile: BO • $@2 blocIntDoWhile NTIETE exp_bool ENDWHILE

    $défaut  réduction par utilisation de la règle 36 ($@2)

    $@2  aller à l'état 25


État 7

   28 blocFor: ASU • VARIABLE ANOAN E YA E ITIE E BO $@1 blocIntFor AMANASU

    VARIABLE  décalage et aller à l'état 26


État 8

   16 blocSwitch: SWITCH • exp debutSwitch listeCase ENDSWITCH

    INTEGER   décalage et aller à l'état 27
    VARIABLE  décalage et aller à l'état 28

    exp  aller à l'état 29
    E    aller à l'état 30
    T    aller à l'état 31
    F    aller à l'état 32


État 9

    0 $accept: Program • $end

    $end  décalage et aller à l'état 33


État 10

    1 Program: program_body •

    $défaut  réduction par utilisation de la règle 1 (Program)


État 11

    2 program_body: stat •
    3             | stat • program_body

    ABAH      décalage et aller à l'état 1
    VARIABLE  décalage et aller à l'état 2
    NGE       décalage et aller à l'état 3
    LAN       décalage et aller à l'état 4
    NTIETE    décalage et aller à l'état 5
    BO        décalage et aller à l'état 6
    ASU       décalage et aller à l'état 7
    SWITCH    décalage et aller à l'état 8

    $défaut  réduction par utilisation de la règle 2 (program_body)

    program_body  aller à l'état 34
    stat          aller à l'état 11
    bloc          aller à l'état 12
    instr         aller à l'état 13
    blocSwitch    aller à l'état 14
    blocFor       aller à l'état 15
    blocDoWhile   aller à l'état 16
    blocWhile     aller à l'état 17
    blocSi        aller à l'état 18


État 12

    4 stat: bloc •

    $défaut  réduction par utilisation de la règle 4 (stat)


État 13

   10 bloc: instr • SEMI
   11     | instr • SEMI bloc

    SEMI  décalage et aller à l'état 35


État 14

    9 stat: blocSwitch •

    $défaut  réduction par utilisation de la règle 9 (stat)


État 15

    7 stat: blocFor •

    $défaut  réduction par utilisation de la règle 7 (stat)


État 16

    8 stat: blocDoWhile •

    $défaut  réduction par utilisation de la règle 8 (stat)


État 17

    6 stat: blocWhile •

    $défaut  réduction par utilisation de la règle 6 (stat)


État 18

    5 stat: blocSi •

    $défaut  réduction par utilisation de la règle 5 (stat)


État 19

   13 instr: ABAH VARIABLE •

    $défaut  réduction par utilisation de la règle 13 (instr)


État 20

   12 instr: VARIABLE ANOAN • E
   15      | VARIABLE ANOAN • cond

    INTEGER   décalage et aller à l'état 27
    VARIABLE  décalage et aller à l'état 36
    LPAREN    décalage et aller à l'état 21

    cond  aller à l'état 37
    E     aller à l'état 38
    T     aller à l'état 31
    F     aller à l'état 32


État 21

   57 cond: LPAREN • F DZAM_DEUH F RPAREN
   58     | LPAREN • F ASSEULEN F RPAREN
   59     | LPAREN • F ABOITE F RPAREN
   60     | LPAREN • F ABUI F RPAREN

    INTEGER   décalage et aller à l'état 27
    VARIABLE  décalage et aller à l'état 36

    F  aller à l'état 39


État 22

   52 blocSi: NGE cond • alo bloc finSi
   53       | NGE cond • alo bloc sino bloc finSi

    NDO  décalage et aller à l'état 40

    alo  aller à l'état 41


État 23

   14 instr: LAN VARIABLE •

    $défaut  réduction par utilisation de la règle 14 (instr)


État 24

   43 blocWhile: NTIETE etiquetWhile • exp_bool LOOP blocIntWhile ENDWHILE

    LPAREN  décalage et aller à l'état 21

    exp_bool  aller à l'état 42
    cond      aller à l'état 43


État 25

   37 blocDoWhile: BO $@2 • blocIntDoWhile NTIETE exp_bool ENDWHILE

    ABAH      décalage et aller à l'état 1
    VARIABLE  décalage et aller à l'état 2
    NGE       décalage et aller à l'état 3
    LAN       décalage et aller à l'état 4
    NTIETE    décalage et aller à l'état 5
    BO        décalage et aller à l'état 6
    ASU       décalage et aller à l'état 7

    bloc            aller à l'état 44
    instr           aller à l'état 13
    blocFor         aller à l'état 45
    blocDoWhile     aller à l'état 46
    blocIntDoWhile  aller à l'état 47
    blocWhile       aller à l'état 48
    blocSi          aller à l'état 49


État 26

   28 blocFor: ASU VARIABLE • ANOAN E YA E ITIE E BO $@1 blocIntFor AMANASU

    ANOAN  décalage et aller à l'état 50


État 27

   66 F: INTEGER •

    $défaut  réduction par utilisation de la règle 66 (F)


État 28

   26 exp: VARIABLE •
   67 F: VARIABLE •

    ENDSWITCH  réduction par utilisation de la règle 26 (exp)
    ENDSWITCH  [réduction par utilisation de la règle 67 (F)]
    CASE       réduction par utilisation de la règle 26 (exp)
    CASE       [réduction par utilisation de la règle 67 (F)]
    $défaut    réduction par utilisation de la règle 67 (F)


État 29

   16 blocSwitch: SWITCH exp • debutSwitch listeCase ENDSWITCH

    $défaut  réduction par utilisation de la règle 17 (debutSwitch)

    debutSwitch  aller à l'état 51


État 30

   25 exp: E •
   62 E: E • AKOK_LO T
   63  | E • AVAH T

    AKOK_LO  décalage et aller à l'état 52
    AVAH     décalage et aller à l'état 53

    $défaut  réduction par utilisation de la règle 25 (exp)


État 31

   61 E: T •
   65 T: T • A_POULI F

    A_POULI  décalage et aller à l'état 54

    $défaut  réduction par utilisation de la règle 61 (E)


État 32

   64 T: F •

    $défaut  réduction par utilisation de la règle 64 (T)


État 33

    0 $accept: Program $end •

    $défaut  accepter


État 34

    3 program_body: stat program_body •

    $défaut  réduction par utilisation de la règle 3 (program_body)


État 35

   10 bloc: instr SEMI •
   11     | instr SEMI • bloc

    ABAH      décalage et aller à l'état 1
    VARIABLE  décalage et aller à l'état 2
    LAN       décalage et aller à l'état 4

    ABAH      [réduction par utilisation de la règle 10 (bloc)]
    VARIABLE  [réduction par utilisation de la règle 10 (bloc)]
    LAN       [réduction par utilisation de la règle 10 (bloc)]
    $défaut   réduction par utilisation de la règle 10 (bloc)

    bloc   aller à l'état 55
    instr  aller à l'état 13


État 36

   67 F: VARIABLE •

    $défaut  réduction par utilisation de la règle 67 (F)


État 37

   15 instr: VARIABLE ANOAN cond •

    $défaut  réduction par utilisation de la règle 15 (instr)


État 38

   12 instr: VARIABLE ANOAN E •
   62 E: E • AKOK_LO T
   63  | E • AVAH T

    AKOK_LO  décalage et aller à l'état 52
    AVAH     décalage et aller à l'état 53

    $défaut  réduction par utilisation de la règle 12 (instr)


État 39

   57 cond: LPAREN F • DZAM_DEUH F RPAREN
   58     | LPAREN F • ASSEULEN F RPAREN
   59     | LPAREN F • ABOITE F RPAREN
   60     | LPAREN F • ABUI F RPAREN

    DZAM_DEUH  décalage et aller à l'état 56
    ASSEULEN   décalage et aller à l'état 57
    ABOITE     décalage et aller à l'état 58
    ABUI       décalage et aller à l'état 59


État 40

   55 alo: NDO •

    $défaut  réduction par utilisation de la règle 55 (alo)


État 41

   52 blocSi: NGE cond alo • bloc finSi
   53       | NGE cond alo • bloc sino bloc finSi

    ABAH      décalage et aller à l'état 1
    VARIABLE  décalage et aller à l'état 2
    LAN       décalage et aller à l'état 4

    bloc   aller à l'état 60
    instr  aller à l'état 13


État 42

   43 blocWhile: NTIETE etiquetWhile exp_bool • LOOP blocIntWhile ENDWHILE

    BO  décalage et aller à l'état 61

    LOOP  aller à l'état 62


État 43

   50 exp_bool: cond •

    $défaut  réduction par utilisation de la règle 50 (exp_bool)


État 44

   38 blocIntDoWhile: bloc •

    $défaut  réduction par utilisation de la règle 38 (blocIntDoWhile)


État 45

   40 blocIntDoWhile: blocFor •

    $défaut  réduction par utilisation de la règle 40 (blocIntDoWhile)


État 46

   42 blocIntDoWhile: blocDoWhile •

    $défaut  réduction par utilisation de la règle 42 (blocIntDoWhile)


État 47

   37 blocDoWhile: BO $@2 blocIntDoWhile • NTIETE exp_bool ENDWHILE

    NTIETE  décalage et aller à l'état 63


État 48

   41 blocIntDoWhile: blocWhile •

    $défaut  réduction par utilisation de la règle 41 (blocIntDoWhile)


État 49

   39 blocIntDoWhile: blocSi •

    $défaut  réduction par utilisation de la règle 39 (blocIntDoWhile)


État 50

   28 blocFor: ASU VARIABLE ANOAN • E YA E ITIE E BO $@1 blocIntFor AMANASU

    INTEGER   décalage et aller à l'état 27
    VARIABLE  décalage et aller à l'état 36

    E  aller à l'état 64
    T  aller à l'état 31
    F  aller à l'état 32


État 51

   16 blocSwitch: SWITCH exp debutSwitch • listeCase ENDSWITCH

    CASE  décalage et aller à l'état 65

    $défaut  réduction par utilisation de la règle 20 (listeCase)

    listeCase  aller à l'état 66


État 52

   62 E: E AKOK_LO • T

    INTEGER   décalage et aller à l'état 27
    VARIABLE  décalage et aller à l'état 36

    T  aller à l'état 67
    F  aller à l'état 32


État 53

   63 E: E AVAH • T

    INTEGER   décalage et aller à l'état 27
    VARIABLE  décalage et aller à l'état 36

    T  aller à l'état 68
    F  aller à l'état 32


État 54

   65 T: T A_POULI • F

    INTEGER   décalage et aller à l'état 27
    VARIABLE  décalage et aller à l'état 36

    F  aller à l'état 69


État 55

   11 bloc: instr SEMI bloc •

    $défaut  réduction par utilisation de la règle 11 (bloc)


État 56

   57 cond: LPAREN F DZAM_DEUH • F RPAREN

    INTEGER   décalage et aller à l'état 27
    VARIABLE  décalage et aller à l'état 36

    F  aller à l'état 70


État 57

   58 cond: LPAREN F ASSEULEN • F RPAREN

    INTEGER   décalage et aller à l'état 27
    VARIABLE  décalage et aller à l'état 36

    F  aller à l'état 71


État 58

   59 cond: LPAREN F ABOITE • F RPAREN

    INTEGER   décalage et aller à l'état 27
    VARIABLE  décalage et aller à l'état 36

    F  aller à l'état 72


État 59

   60 cond: LPAREN F ABUI • F RPAREN

    INTEGER   décalage et aller à l'état 27
    VARIABLE  décalage et aller à l'état 36

    F  aller à l'état 73


État 60

   52 blocSi: NGE cond alo bloc • finSi
   53       | NGE cond alo bloc • sino bloc finSi

    NDEYA    décalage et aller à l'état 74
    AMANNGE  décalage et aller à l'état 75

    finSi  aller à l'état 76
    sino   aller à l'état 77


État 61

   49 LOOP: BO •

    $défaut  réduction par utilisation de la règle 49 (LOOP)


État 62

   43 blocWhile: NTIETE etiquetWhile exp_bool LOOP • blocIntWhile ENDWHILE

    ABAH      décalage et aller à l'état 1
    VARIABLE  décalage et aller à l'état 2
    NGE       décalage et aller à l'état 3
    LAN       décalage et aller à l'état 4

    bloc          aller à l'état 78
    instr         aller à l'état 13
    blocIntWhile  aller à l'état 79
    blocSi        aller à l'état 80


État 63

   37 blocDoWhile: BO $@2 blocIntDoWhile NTIETE • exp_bool ENDWHILE

    LPAREN  décalage et aller à l'état 21

    exp_bool  aller à l'état 81
    cond      aller à l'état 43


État 64

   28 blocFor: ASU VARIABLE ANOAN E • YA E ITIE E BO $@1 blocIntFor AMANASU
   62 E: E • AKOK_LO T
   63  | E • AVAH T

    YA       décalage et aller à l'état 82
    AKOK_LO  décalage et aller à l'état 52
    AVAH     décalage et aller à l'état 53


État 65

   18 listeCase: CASE • INTEGER DOUBLEMARK stat_list case_break listeCase
   19          | CASE • INTEGER DOUBLEMARK stat_list case_break

    INTEGER  décalage et aller à l'état 83


État 66

   16 blocSwitch: SWITCH exp debutSwitch listeCase • ENDSWITCH

    ENDSWITCH  décalage et aller à l'état 84


État 67

   62 E: E AKOK_LO T •
   65 T: T • A_POULI F

    A_POULI  décalage et aller à l'état 54

    $défaut  réduction par utilisation de la règle 62 (E)


État 68

   63 E: E AVAH T •
   65 T: T • A_POULI F

    A_POULI  décalage et aller à l'état 54

    $défaut  réduction par utilisation de la règle 63 (E)


État 69

   65 T: T A_POULI F •

    $défaut  réduction par utilisation de la règle 65 (T)


État 70

   57 cond: LPAREN F DZAM_DEUH F • RPAREN

    RPAREN  décalage et aller à l'état 85


État 71

   58 cond: LPAREN F ASSEULEN F • RPAREN

    RPAREN  décalage et aller à l'état 86


État 72

   59 cond: LPAREN F ABOITE F • RPAREN

    RPAREN  décalage et aller à l'état 87


État 73

   60 cond: LPAREN F ABUI F • RPAREN

    RPAREN  décalage et aller à l'état 88


État 74

   56 sino: NDEYA •

    $défaut  réduction par utilisation de la règle 56 (sino)


État 75

   54 finSi: AMANNGE •

    $défaut  réduction par utilisation de la règle 54 (finSi)


État 76

   52 blocSi: NGE cond alo bloc finSi •

    $défaut  réduction par utilisation de la règle 52 (blocSi)


État 77

   53 blocSi: NGE cond alo bloc sino • bloc finSi

    ABAH      décalage et aller à l'état 1
    VARIABLE  décalage et aller à l'état 2
    LAN       décalage et aller à l'état 4

    bloc   aller à l'état 89
    instr  aller à l'état 13


État 78

   44 blocIntWhile: bloc •
   47             | bloc • blocIntWhile

    ABAH      décalage et aller à l'état 1
    VARIABLE  décalage et aller à l'état 2
    NGE       décalage et aller à l'état 3
    LAN       décalage et aller à l'état 4

    $défaut  réduction par utilisation de la règle 44 (blocIntWhile)

    bloc          aller à l'état 78
    instr         aller à l'état 13
    blocIntWhile  aller à l'état 90
    blocSi        aller à l'état 80


État 79

   43 blocWhile: NTIETE etiquetWhile exp_bool LOOP blocIntWhile • ENDWHILE

    AMAN  décalage et aller à l'état 91

    ENDWHILE  aller à l'état 92


État 80

   45 blocIntWhile: blocSi •
   46             | blocSi • blocIntWhile

    ABAH      décalage et aller à l'état 1
    VARIABLE  décalage et aller à l'état 2
    NGE       décalage et aller à l'état 3
    LAN       décalage et aller à l'état 4

    $défaut  réduction par utilisation de la règle 45 (blocIntWhile)

    bloc          aller à l'état 78
    instr         aller à l'état 13
    blocIntWhile  aller à l'état 93
    blocSi        aller à l'état 80


État 81

   37 blocDoWhile: BO $@2 blocIntDoWhile NTIETE exp_bool • ENDWHILE

    AMAN  décalage et aller à l'état 91

    ENDWHILE  aller à l'état 94


État 82

   28 blocFor: ASU VARIABLE ANOAN E YA • E ITIE E BO $@1 blocIntFor AMANASU

    INTEGER   décalage et aller à l'état 27
    VARIABLE  décalage et aller à l'état 36

    E  aller à l'état 95
    T  aller à l'état 31
    F  aller à l'état 32


État 83

   18 listeCase: CASE INTEGER • DOUBLEMARK stat_list case_break listeCase
   19          | CASE INTEGER • DOUBLEMARK stat_list case_break

    DOUBLEMARK  décalage et aller à l'état 96


État 84

   16 blocSwitch: SWITCH exp debutSwitch listeCase ENDSWITCH •

    $défaut  réduction par utilisation de la règle 16 (blocSwitch)


État 85

   57 cond: LPAREN F DZAM_DEUH F RPAREN •

    $défaut  réduction par utilisation de la règle 57 (cond)


État 86

   58 cond: LPAREN F ASSEULEN F RPAREN •

    $défaut  réduction par utilisation de la règle 58 (cond)


État 87

   59 cond: LPAREN F ABOITE F RPAREN •

    $défaut  réduction par utilisation de la règle 59 (cond)


État 88

   60 cond: LPAREN F ABUI F RPAREN •

    $défaut  réduction par utilisation de la règle 60 (cond)


État 89

   53 blocSi: NGE cond alo bloc sino bloc • finSi

    AMANNGE  décalage et aller à l'état 75

    finSi  aller à l'état 97


État 90

   47 blocIntWhile: bloc blocIntWhile •

    $défaut  réduction par utilisation de la règle 47 (blocIntWhile)


État 91

   51 ENDWHILE: AMAN •

    $défaut  réduction par utilisation de la règle 51 (ENDWHILE)


État 92

   43 blocWhile: NTIETE etiquetWhile exp_bool LOOP blocIntWhile ENDWHILE •

    $défaut  réduction par utilisation de la règle 43 (blocWhile)


État 93

   46 blocIntWhile: blocSi blocIntWhile •

    $défaut  réduction par utilisation de la règle 46 (blocIntWhile)


État 94

   37 blocDoWhile: BO $@2 blocIntDoWhile NTIETE exp_bool ENDWHILE •

    $défaut  réduction par utilisation de la règle 37 (blocDoWhile)


État 95

   28 blocFor: ASU VARIABLE ANOAN E YA E • ITIE E BO $@1 blocIntFor AMANASU
   62 E: E • AKOK_LO T
   63  | E • AVAH T

    ITIE     décalage et aller à l'état 98
    AKOK_LO  décalage et aller à l'état 52
    AVAH     décalage et aller à l'état 53


État 96

   18 listeCase: CASE INTEGER DOUBLEMARK • stat_list case_break listeCase
   19          | CASE INTEGER DOUBLEMARK • stat_list case_break

    ABAH      décalage et aller à l'état 1
    VARIABLE  décalage et aller à l'état 2
    NGE       décalage et aller à l'état 3
    LAN       décalage et aller à l'état 4
    NTIETE    décalage et aller à l'état 5
    BO        décalage et aller à l'état 6
    ASU       décalage et aller à l'état 7
    SWITCH    décalage et aller à l'état 8

    stat         aller à l'état 99
    bloc         aller à l'état 12
    instr        aller à l'état 13
    blocSwitch   aller à l'état 14
    stat_list    aller à l'état 100
    blocFor      aller à l'état 15
    blocDoWhile  aller à l'état 16
    blocWhile    aller à l'état 17
    blocSi       aller à l'état 18


État 97

   53 blocSi: NGE cond alo bloc sino bloc finSi •

    $défaut  réduction par utilisation de la règle 53 (blocSi)


État 98

   28 blocFor: ASU VARIABLE ANOAN E YA E ITIE • E BO $@1 blocIntFor AMANASU

    INTEGER   décalage et aller à l'état 27
    VARIABLE  décalage et aller à l'état 36

    E  aller à l'état 101
    T  aller à l'état 31
    F  aller à l'état 32


État 99

   23 stat_list: stat •
   24          | stat • stat_list

    ABAH      décalage et aller à l'état 1
    VARIABLE  décalage et aller à l'état 2
    NGE       décalage et aller à l'état 3
    LAN       décalage et aller à l'état 4
    NTIETE    décalage et aller à l'état 5
    BO        décalage et aller à l'état 6
    ASU       décalage et aller à l'état 7
    SWITCH    décalage et aller à l'état 8

    $défaut  réduction par utilisation de la règle 23 (stat_list)

    stat         aller à l'état 99
    bloc         aller à l'état 12
    instr        aller à l'état 13
    blocSwitch   aller à l'état 14
    stat_list    aller à l'état 102
    blocFor      aller à l'état 15
    blocDoWhile  aller à l'état 16
    blocWhile    aller à l'état 17
    blocSi       aller à l'état 18


État 100

   18 listeCase: CASE INTEGER DOUBLEMARK stat_list • case_break listeCase
   19          | CASE INTEGER DOUBLEMARK stat_list • case_break

    BREAK  décalage et aller à l'état 103

    $défaut  réduction par utilisation de la règle 22 (case_break)

    case_break  aller à l'état 104


État 101

   28 blocFor: ASU VARIABLE ANOAN E YA E ITIE E • BO $@1 blocIntFor AMANASU
   62 E: E • AKOK_LO T
   63  | E • AVAH T

    BO       décalage et aller à l'état 105
    AKOK_LO  décalage et aller à l'état 52
    AVAH     décalage et aller à l'état 53


État 102

   24 stat_list: stat stat_list •

    $défaut  réduction par utilisation de la règle 24 (stat_list)


État 103

   21 case_break: BREAK •

    $défaut  réduction par utilisation de la règle 21 (case_break)


État 104

   18 listeCase: CASE INTEGER DOUBLEMARK stat_list case_break • listeCase
   19          | CASE INTEGER DOUBLEMARK stat_list case_break •

    CASE  décalage et aller à l'état 65

    ENDSWITCH  réduction par utilisation de la règle 19 (listeCase)
    ENDSWITCH  [réduction par utilisation de la règle 20 (listeCase)]
    $défaut    réduction par utilisation de la règle 19 (listeCase)

    listeCase  aller à l'état 106


État 105

   28 blocFor: ASU VARIABLE ANOAN E YA E ITIE E BO • $@1 blocIntFor AMANASU

    $défaut  réduction par utilisation de la règle 27 ($@1)

    $@1  aller à l'état 107


État 106

   18 listeCase: CASE INTEGER DOUBLEMARK stat_list case_break listeCase •

    $défaut  réduction par utilisation de la règle 18 (listeCase)


État 107

   28 blocFor: ASU VARIABLE ANOAN E YA E ITIE E BO $@1 • blocIntFor AMANASU

    ABAH      décalage et aller à l'état 1
    VARIABLE  décalage et aller à l'état 2
    NGE       décalage et aller à l'état 3
    LAN       décalage et aller à l'état 4
    NTIETE    décalage et aller à l'état 5
    ASU       décalage et aller à l'état 7

    bloc        aller à l'état 108
    instr       aller à l'état 13
    blocFor     aller à l'état 109
    blocIntFor  aller à l'état 110
    blocWhile   aller à l'état 111
    blocSi      aller à l'état 112


État 108

   29 blocIntFor: bloc •
   35           | bloc • blocIntFor

    ABAH      décalage et aller à l'état 1
    VARIABLE  décalage et aller à l'état 2
    NGE       décalage et aller à l'état 3
    LAN       décalage et aller à l'état 4
    NTIETE    décalage et aller à l'état 5
    ASU       décalage et aller à l'état 7

    $défaut  réduction par utilisation de la règle 29 (blocIntFor)

    bloc        aller à l'état 108
    instr       aller à l'état 13
    blocFor     aller à l'état 109
    blocIntFor  aller à l'état 113
    blocWhile   aller à l'état 111
    blocSi      aller à l'état 112


État 109

   32 blocIntFor: blocFor •
   33           | blocFor • bloc

    ABAH      décalage et aller à l'état 1
    VARIABLE  décalage et aller à l'état 2
    LAN       décalage et aller à l'état 4

    $défaut  réduction par utilisation de la règle 32 (blocIntFor)

    bloc   aller à l'état 114
    instr  aller à l'état 13


État 110

   28 blocFor: ASU VARIABLE ANOAN E YA E ITIE E BO $@1 blocIntFor • AMANASU

    AMANASU  décalage et aller à l'état 115


État 111

   31 blocIntFor: blocWhile •

    $défaut  réduction par utilisation de la règle 31 (blocIntFor)


État 112

   30 blocIntFor: blocSi •
   34           | blocSi • blocIntFor

    ABAH      décalage et aller à l'état 1
    VARIABLE  décalage et aller à l'état 2
    NGE       décalage et aller à l'état 3
    LAN       décalage et aller à l'état 4
    NTIETE    décalage et aller à l'état 5
    ASU       décalage et aller à l'état 7

    $défaut  réduction par utilisation de la règle 30 (blocIntFor)

    bloc        aller à l'état 108
    instr       aller à l'état 13
    blocFor     aller à l'état 109
    blocIntFor  aller à l'état 116
    blocWhile   aller à l'état 111
    blocSi      aller à l'état 112


État 113

   35 blocIntFor: bloc blocIntFor •

    $défaut  réduction par utilisation de la règle 35 (blocIntFor)


État 114

   33 blocIntFor: blocFor bloc •

    $défaut  réduction par utilisation de la règle 33 (blocIntFor)


État 115

   28 blocFor: ASU VARIABLE ANOAN E YA E ITIE E BO $@1 blocIntFor AMANASU •

    $défaut  réduction par utilisation de la règle 28 (blocFor)


État 116

   34 blocIntFor: blocSi blocIntFor •

    $défaut  réduction par utilisation de la règle 34 (blocIntFor)
